15:46:44 **** Rebuild of configuration Debug for project learn-programming ****
Info: Internal Builder is used for build
g++ -O0 -g3 -Wall -c -fmessage-length=0 -o "src\\learn-programming.o" "..\\src\\learn-programming.cpp" 
g++ -o learn-programming.exe "src\\learn-programming.o" 
Info: Nothing to build for learn-programming
Info: Nothing to build for learn-programming
15:47:32 **** Incremental Build of configuration Debug for project learn-programming ****
Info: Internal Builder is used for build
g++ -O0 -g3 -Wall -c -fmessage-length=0 -o "src\\learn-programming.o" "..\\src\\learn-programming.cpp" 
..\src\learn-programming.cpp:1:10: fatal error: graphics.h: No such file or directory
    1 | #include <graphics.h>
      |          ^~~~~~~~~~~~
compilation terminated.
15:47:44 **** Incremental Build of configuration Debug for project learn-programming ****
Info: Internal Builder is used for build
g++ -O0 -g3 -Wall -c -fmessage-length=0 -o "src\\learn-programming.o" "..\\src\\learn-programming.cpp" 
..\src\learn-programming.cpp:1:10: fatal error: graphics.h: No such file or directory
    1 | #include <graphics.h>
      |          ^~~~~~~~~~~~
compilation terminated.
Info: Nothing to build for learn-programming2
22:26:16 **** Incremental Build of configuration Debug for project learn-programming ****
Info: Internal Builder is used for build
g++ -O0 -g3 -Wall -c -fmessage-length=0 -o "src\\learn-programming.o" "..\\src\\learn-programming.cpp" 
..\src\learn-programming.cpp:1:10: fatal error: graphics.h: No such file or directory
    1 | #include <graphics.h>
      |          ^~~~~~~~~~~~
compilation terminated.
Build not configured correctly
Build not configured correctly
